2023-11-03 17:07:42.095 INFO  [restartedMain] [c.chunjae.project05.Project05Application] - Starting Project05Application using Java 17.0.7 on FULL8-015 with PID 16656 (D:\park\springboot\project05\build\classes\java\main started by db400tea in D:\park\springboot\project05)
2023-11-03 17:07:42.104 INFO  [restartedMain] [c.chunjae.project05.Project05Application] - No active profile set, falling back to 1 default profile: "default"
2023-11-03 17:07:42.133 INFO  [restartedMain] [o.s.b.d.e.DevToolsPropertyDefaultsPostProcessor] - Devtools property defaults active! Set 'spring.devtools.add-properties' to 'false' to disable
2023-11-03 17:07:42.133 INFO  [restartedMain] [o.s.b.d.e.DevToolsPropertyDefaultsPostProcessor] - For additional web related logging consider setting the 'logging.level.web' property to 'DEBUG'
2023-11-03 17:07:42.769 INFO  [restartedMain] [o.s.b.w.embedded.tomcat.TomcatWebServer] - Tomcat initialized with port(s): 8085 (http)
2023-11-03 17:07:42.773 INFO  [restartedMain] [o.apache.coyote.http11.Http11NioProtocol] - Initializing ProtocolHandler ["http-nio-8085"]
2023-11-03 17:07:42.774 INFO  [restartedMain] [org.apache.catalina.core.StandardService] - Starting service [Tomcat]
2023-11-03 17:07:42.774 INFO  [restartedMain] [org.apache.catalina.core.StandardEngine] - Starting Servlet engine: [Apache Tomcat/9.0.82]
2023-11-03 17:07:42.859 INFO  [restartedMain] [org.apache.jasper.servlet.TldScanner] - At least one JAR was scanned for TLDs yet contained no TLDs. Enable debug logging for this logger for a complete list of JARs that were scanned but no TLDs were found in them. Skipping unneeded JARs during scanning can improve startup time and JSP compilation time.
2023-11-03 17:07:42.865 INFO  [restartedMain] [o.a.c.c.C.[Tomcat].[localhost].[/]] - Initializing Spring embedded WebApplicationContext
2023-11-03 17:07:42.865 INFO  [restartedMain] [o.s.b.w.s.c.ServletWebServerApplicationContext] - Root WebApplicationContext: initialization completed in 731 ms
2023-11-03 17:07:43.023 INFO  [restartedMain] [o.s.b.a.w.s.WelcomePageHandlerMapping] - Adding welcome page template: index
2023-11-03 17:07:43.113 INFO  [restartedMain] [o.s.s.web.DefaultSecurityFilterChain] - Will secure any request with [org.springframework.security.web.session.DisableEncodeUrlFilter@5ef409b1, org.springframework.security.web.context.request.async.WebAsyncManagerIntegrationFilter@6f559b94, org.springframework.security.web.context.SecurityContextPersistenceFilter@3fbbec1d, org.springframework.security.web.header.HeaderWriterFilter@1d66d94, org.springframework.security.web.authentication.logout.LogoutFilter@308fac1a, org.springframework.security.web.authentication.UsernamePasswordAuthenticationFilter@1c3873f1, org.springframework.security.web.session.ConcurrentSessionFilter@1762404a, org.springframework.security.web.savedrequest.RequestCacheAwareFilter@36d0daa8, org.springframework.security.web.servletapi.SecurityContextHolderAwareRequestFilter@2bd0a7c4, org.springframework.security.web.authentication.AnonymousAuthenticationFilter@7ac5dae0, org.springframework.security.web.session.SessionManagementFilter@2ddfd4ca, org.springframework.security.web.access.ExceptionTranslationFilter@1fe24b64, org.springframework.security.web.access.intercept.FilterSecurityInterceptor@7880e8c7]
2023-11-03 17:07:43.204 WARN  [restartedMain] [o.s.b.d.a.OptionalLiveReloadServer] - Unable to start LiveReload server
2023-11-03 17:07:43.212 INFO  [restartedMain] [o.apache.coyote.http11.Http11NioProtocol] - Starting ProtocolHandler ["http-nio-8085"]
2023-11-03 17:07:43.214 WARN  [restartedMain] [o.s.b.w.s.c.AnnotationConfigServletWebServerApplicationContext] - Exception encountered during context initialization - cancelling refresh attempt: org.springframework.context.ApplicationContextException: Failed to start bean 'webServerStartStop'; nested exception is org.springframework.boot.web.server.PortInUseException: Port 8085 is already in use
2023-11-03 17:07:43.217 INFO  [restartedMain] [o.apache.coyote.http11.Http11NioProtocol] - Pausing ProtocolHandler ["http-nio-8085"]
2023-11-03 17:07:43.217 INFO  [restartedMain] [org.apache.catalina.core.StandardService] - Stopping service [Tomcat]
2023-11-03 17:07:43.220 INFO  [restartedMain] [o.apache.coyote.http11.Http11NioProtocol] - Stopping ProtocolHandler ["http-nio-8085"]
2023-11-03 17:07:43.220 INFO  [restartedMain] [o.apache.coyote.http11.Http11NioProtocol] - Destroying ProtocolHandler ["http-nio-8085"]
2023-11-03 17:07:43.224 INFO  [restartedMain] [o.s.b.a.l.ConditionEvaluationReportLoggingListener] - 

Error starting ApplicationContext. To display the conditions report re-run your application with 'debug' enabled.
2023-11-03 17:07:43.235 ERROR [restartedMain] [o.s.b.d.LoggingFailureAnalysisReporter] - 

***************************
APPLICATION FAILED TO START
***************************

Description:

Web server failed to start. Port 8085 was already in use.

Action:

Identify and stop the process that's listening on port 8085 or configure this application to listen on another port.

2023-11-03 17:08:04.413 INFO  [restartedMain] [c.chunjae.project05.Project05Application] - Starting Project05Application using Java 17.0.7 on FULL8-015 with PID 16664 (D:\park\springboot\project05\build\classes\java\main started by db400tea in D:\park\springboot\project05)
2023-11-03 17:08:04.414 INFO  [restartedMain] [c.chunjae.project05.Project05Application] - No active profile set, falling back to 1 default profile: "default"
2023-11-03 17:08:04.437 INFO  [restartedMain] [o.s.b.d.e.DevToolsPropertyDefaultsPostProcessor] - Devtools property defaults active! Set 'spring.devtools.add-properties' to 'false' to disable
2023-11-03 17:08:04.437 INFO  [restartedMain] [o.s.b.d.e.DevToolsPropertyDefaultsPostProcessor] - For additional web related logging consider setting the 'logging.level.web' property to 'DEBUG'
2023-11-03 17:08:05.012 INFO  [restartedMain] [o.s.b.w.embedded.tomcat.TomcatWebServer] - Tomcat initialized with port(s): 8085 (http)
2023-11-03 17:08:05.016 INFO  [restartedMain] [o.apache.coyote.http11.Http11NioProtocol] - Initializing ProtocolHandler ["http-nio-8085"]
2023-11-03 17:08:05.017 INFO  [restartedMain] [org.apache.catalina.core.StandardService] - Starting service [Tomcat]
2023-11-03 17:08:05.017 INFO  [restartedMain] [org.apache.catalina.core.StandardEngine] - Starting Servlet engine: [Apache Tomcat/9.0.82]
2023-11-03 17:08:05.107 INFO  [restartedMain] [org.apache.jasper.servlet.TldScanner] - At least one JAR was scanned for TLDs yet contained no TLDs. Enable debug logging for this logger for a complete list of JARs that were scanned but no TLDs were found in them. Skipping unneeded JARs during scanning can improve startup time and JSP compilation time.
2023-11-03 17:08:05.112 INFO  [restartedMain] [o.a.c.c.C.[Tomcat].[localhost].[/]] - Initializing Spring embedded WebApplicationContext
2023-11-03 17:08:05.112 INFO  [restartedMain] [o.s.b.w.s.c.ServletWebServerApplicationContext] - Root WebApplicationContext: initialization completed in 674 ms
2023-11-03 17:08:05.271 INFO  [restartedMain] [o.s.b.a.w.s.WelcomePageHandlerMapping] - Adding welcome page template: index
2023-11-03 17:08:05.360 INFO  [restartedMain] [o.s.s.web.DefaultSecurityFilterChain] - Will secure any request with [org.springframework.security.web.session.DisableEncodeUrlFilter@456110bb, org.springframework.security.web.context.request.async.WebAsyncManagerIntegrationFilter@e6ffd49, org.springframework.security.web.context.SecurityContextPersistenceFilter@178430b1, org.springframework.security.web.header.HeaderWriterFilter@3f458445, org.springframework.security.web.authentication.logout.LogoutFilter@7b7056a5, org.springframework.security.web.authentication.UsernamePasswordAuthenticationFilter@2595a1b3, org.springframework.security.web.session.ConcurrentSessionFilter@3452a598, org.springframework.security.web.savedrequest.RequestCacheAwareFilter@23303a05, org.springframework.security.web.servletapi.SecurityContextHolderAwareRequestFilter@5814d446, org.springframework.security.web.authentication.AnonymousAuthenticationFilter@517ee580, org.springframework.security.web.session.SessionManagementFilter@486a9ae9, org.springframework.security.web.access.ExceptionTranslationFilter@4e75dbb5, org.springframework.security.web.access.intercept.FilterSecurityInterceptor@2a969633]
2023-11-03 17:08:05.444 INFO  [restartedMain] [o.s.b.d.a.OptionalLiveReloadServer] - LiveReload server is running on port 35729
2023-11-03 17:08:05.452 INFO  [restartedMain] [o.apache.coyote.http11.Http11NioProtocol] - Starting ProtocolHandler ["http-nio-8085"]
2023-11-03 17:08:05.465 INFO  [restartedMain] [o.s.b.w.embedded.tomcat.TomcatWebServer] - Tomcat started on port(s): 8085 (http) with context path ''
2023-11-03 17:08:05.471 INFO  [restartedMain] [c.chunjae.project05.Project05Application] - Started Project05Application in 1.227 seconds (JVM running for 1.594)
2023-11-03 17:08:19.584 INFO  [http-nio-8085-exec-1] [o.a.c.c.C.[Tomcat].[localhost].[/]] - Initializing Spring DispatcherServlet 'dispatcherServlet'
2023-11-03 17:08:19.584 INFO  [http-nio-8085-exec-1] [o.s.web.servlet.DispatcherServlet] - Initializing Servlet 'dispatcherServlet'
2023-11-03 17:08:19.584 INFO  [http-nio-8085-exec-1] [o.s.web.servlet.DispatcherServlet] - Completed initialization in 0 ms
