2023-11-02 15:27:00.496 INFO  [restartedMain] [c.chunjae.project05.Project05Application] - Starting Project05Application using Java 17.0.7 on FULL8-015 with PID 10580 (D:\park\pro05\project05\build\classes\java\main started by db400tea in D:\park\pro05\project05)
2023-11-02 15:27:00.498 INFO  [restartedMain] [c.chunjae.project05.Project05Application] - No active profile set, falling back to 1 default profile: "default"
2023-11-02 15:27:00.523 INFO  [restartedMain] [o.s.b.d.e.DevToolsPropertyDefaultsPostProcessor] - Devtools property defaults active! Set 'spring.devtools.add-properties' to 'false' to disable
2023-11-02 15:27:00.524 INFO  [restartedMain] [o.s.b.d.e.DevToolsPropertyDefaultsPostProcessor] - For additional web related logging consider setting the 'logging.level.web' property to 'DEBUG'
2023-11-02 15:27:00.851 WARN  [restartedMain] [o.m.spring.mapper.ClassPathMapperScanner] - No MyBatis mapper was found in '[com.chunjae.project05]' package. Please check your configuration.
2023-11-02 15:27:01.096 INFO  [restartedMain] [o.s.b.w.embedded.tomcat.TomcatWebServer] - Tomcat initialized with port(s): 8085 (http)
2023-11-02 15:27:01.101 INFO  [restartedMain] [o.apache.coyote.http11.Http11NioProtocol] - Initializing ProtocolHandler ["http-nio-8085"]
2023-11-02 15:27:01.101 INFO  [restartedMain] [org.apache.catalina.core.StandardService] - Starting service [Tomcat]
2023-11-02 15:27:01.102 INFO  [restartedMain] [org.apache.catalina.core.StandardEngine] - Starting Servlet engine: [Apache Tomcat/9.0.82]
2023-11-02 15:27:01.206 INFO  [restartedMain] [org.apache.jasper.servlet.TldScanner] - At least one JAR was scanned for TLDs yet contained no TLDs. Enable debug logging for this logger for a complete list of JARs that were scanned but no TLDs were found in them. Skipping unneeded JARs during scanning can improve startup time and JSP compilation time.
2023-11-02 15:27:01.210 INFO  [restartedMain] [o.a.c.c.C.[Tomcat].[localhost].[/]] - Initializing Spring embedded WebApplicationContext
2023-11-02 15:27:01.210 INFO  [restartedMain] [o.s.b.w.s.c.ServletWebServerApplicationContext] - Root WebApplicationContext: initialization completed in 686 ms
2023-11-02 15:27:01.318 INFO  [restartedMain] [o.s.b.a.w.s.WelcomePageHandlerMapping] - Adding welcome page template: index
2023-11-02 15:27:01.459 WARN  [restartedMain] [o.s.b.a.s.s.UserDetailsServiceAutoConfiguration] - 

Using generated security password: a48e816c-54cc-4512-84a1-4f6573f844dd

This generated password is for development use only. Your security configuration must be updated before running your application in production.

2023-11-02 15:27:01.511 INFO  [restartedMain] [o.s.s.web.DefaultSecurityFilterChain] - Will secure any request with [org.springframework.security.web.session.DisableEncodeUrlFilter@5d3699af, org.springframework.security.web.context.request.async.WebAsyncManagerIntegrationFilter@11077e5d, org.springframework.security.web.context.SecurityContextPersistenceFilter@5621c7e6, org.springframework.security.web.header.HeaderWriterFilter@4dbd29ad, org.springframework.security.web.csrf.CsrfFilter@67e1cdd3, org.springframework.security.web.authentication.logout.LogoutFilter@2b5bf7f2, org.springframework.security.web.authentication.UsernamePasswordAuthenticationFilter@40403792, org.springframework.security.web.authentication.ui.DefaultLoginPageGeneratingFilter@5d362991, org.springframework.security.web.authentication.ui.DefaultLogoutPageGeneratingFilter@76500ab7, org.springframework.security.web.authentication.www.BasicAuthenticationFilter@75373945, org.springframework.security.web.savedrequest.RequestCacheAwareFilter@78cb65d9, org.springframework.security.web.servletapi.SecurityContextHolderAwareRequestFilter@58e14c32, org.springframework.security.web.authentication.AnonymousAuthenticationFilter@57bb0d3b, org.springframework.security.web.session.SessionManagementFilter@6812ec2, org.springframework.security.web.access.ExceptionTranslationFilter@5895414d, org.springframework.security.web.access.intercept.FilterSecurityInterceptor@488edd26]
2023-11-02 15:27:01.533 INFO  [restartedMain] [o.s.b.d.a.OptionalLiveReloadServer] - LiveReload server is running on port 35729
2023-11-02 15:27:01.541 INFO  [restartedMain] [o.apache.coyote.http11.Http11NioProtocol] - Starting ProtocolHandler ["http-nio-8085"]
2023-11-02 15:27:01.556 INFO  [restartedMain] [o.s.b.w.embedded.tomcat.TomcatWebServer] - Tomcat started on port(s): 8085 (http) with context path ''
2023-11-02 15:27:01.562 INFO  [restartedMain] [c.chunjae.project05.Project05Application] - Started Project05Application in 1.24 seconds (JVM running for 1.677)
2023-11-02 15:27:05.505 INFO  [http-nio-8085-exec-1] [o.a.c.c.C.[Tomcat].[localhost].[/]] - Initializing Spring DispatcherServlet 'dispatcherServlet'
2023-11-02 15:27:05.505 INFO  [http-nio-8085-exec-1] [o.s.web.servlet.DispatcherServlet] - Initializing Servlet 'dispatcherServlet'
2023-11-02 15:27:05.505 INFO  [http-nio-8085-exec-1] [o.s.web.servlet.DispatcherServlet] - Completed initialization in 0 ms
2023-11-02 15:44:06.576 INFO  [restartedMain] [c.chunjae.project05.Project05Application] - Starting Project05Application using Java 17.0.7 on FULL8-015 with PID 12016 (D:\park\pro05\project05\build\classes\java\main started by db400tea in D:\park\pro05\project05)
2023-11-02 15:44:06.579 INFO  [restartedMain] [c.chunjae.project05.Project05Application] - No active profile set, falling back to 1 default profile: "default"
2023-11-02 15:44:06.604 INFO  [restartedMain] [o.s.b.d.e.DevToolsPropertyDefaultsPostProcessor] - Devtools property defaults active! Set 'spring.devtools.add-properties' to 'false' to disable
2023-11-02 15:44:06.604 INFO  [restartedMain] [o.s.b.d.e.DevToolsPropertyDefaultsPostProcessor] - For additional web related logging consider setting the 'logging.level.web' property to 'DEBUG'
2023-11-02 15:44:07.385 INFO  [restartedMain] [o.s.b.w.embedded.tomcat.TomcatWebServer] - Tomcat initialized with port(s): 8085 (http)
2023-11-02 15:44:07.389 INFO  [restartedMain] [o.apache.coyote.http11.Http11NioProtocol] - Initializing ProtocolHandler ["http-nio-8085"]
2023-11-02 15:44:07.390 INFO  [restartedMain] [org.apache.catalina.core.StandardService] - Starting service [Tomcat]
2023-11-02 15:44:07.390 INFO  [restartedMain] [org.apache.catalina.core.StandardEngine] - Starting Servlet engine: [Apache Tomcat/9.0.82]
2023-11-02 15:44:07.480 INFO  [restartedMain] [org.apache.jasper.servlet.TldScanner] - At least one JAR was scanned for TLDs yet contained no TLDs. Enable debug logging for this logger for a complete list of JARs that were scanned but no TLDs were found in them. Skipping unneeded JARs during scanning can improve startup time and JSP compilation time.
2023-11-02 15:44:07.484 INFO  [restartedMain] [o.a.c.c.C.[Tomcat].[localhost].[/]] - Initializing Spring embedded WebApplicationContext
2023-11-02 15:44:07.484 INFO  [restartedMain] [o.s.b.w.s.c.ServletWebServerApplicationContext] - Root WebApplicationContext: initialization completed in 879 ms
2023-11-02 15:44:07.666 INFO  [restartedMain] [o.s.b.a.w.s.WelcomePageHandlerMapping] - Adding welcome page template: index
2023-11-02 15:44:07.745 WARN  [restartedMain] [o.s.b.a.s.s.UserDetailsServiceAutoConfiguration] - 

Using generated security password: 0a4140fd-2c34-4f51-9f9b-59a0927bf1e2

This generated password is for development use only. Your security configuration must be updated before running your application in production.

2023-11-02 15:44:07.794 INFO  [restartedMain] [o.s.s.web.DefaultSecurityFilterChain] - Will secure any request with [org.springframework.security.web.session.DisableEncodeUrlFilter@22e9e05c, org.springframework.security.web.context.request.async.WebAsyncManagerIntegrationFilter@61cefd48, org.springframework.security.web.context.SecurityContextPersistenceFilter@342add05, org.springframework.security.web.header.HeaderWriterFilter@5634c2dd, org.springframework.security.web.csrf.CsrfFilter@44376520, org.springframework.security.web.authentication.logout.LogoutFilter@958ea91, org.springframework.security.web.authentication.UsernamePasswordAuthenticationFilter@59d5c04f, org.springframework.security.web.authentication.ui.DefaultLoginPageGeneratingFilter@dcfd0c9, org.springframework.security.web.authentication.ui.DefaultLogoutPageGeneratingFilter@39727feb, org.springframework.security.web.authentication.www.BasicAuthenticationFilter@2d8ddd34, org.springframework.security.web.savedrequest.RequestCacheAwareFilter@3638d490, org.springframework.security.web.servletapi.SecurityContextHolderAwareRequestFilter@5af3cffc, org.springframework.security.web.authentication.AnonymousAuthenticationFilter@7a6b53c7, org.springframework.security.web.session.SessionManagementFilter@15b37282, org.springframework.security.web.access.ExceptionTranslationFilter@2d4f5f7c, org.springframework.security.web.access.intercept.FilterSecurityInterceptor@20ec6d6e]
2023-11-02 15:44:07.813 INFO  [restartedMain] [o.s.b.d.a.OptionalLiveReloadServer] - LiveReload server is running on port 35729
2023-11-02 15:44:07.823 INFO  [restartedMain] [o.apache.coyote.http11.Http11NioProtocol] - Starting ProtocolHandler ["http-nio-8085"]
2023-11-02 15:44:07.845 INFO  [restartedMain] [o.s.b.w.embedded.tomcat.TomcatWebServer] - Tomcat started on port(s): 8085 (http) with context path ''
2023-11-02 15:44:07.855 INFO  [restartedMain] [c.chunjae.project05.Project05Application] - Started Project05Application in 1.465 seconds (JVM running for 1.858)
2023-11-02 15:44:25.326 INFO  [http-nio-8085-exec-1] [o.a.c.c.C.[Tomcat].[localhost].[/]] - Initializing Spring DispatcherServlet 'dispatcherServlet'
2023-11-02 15:44:25.326 INFO  [http-nio-8085-exec-1] [o.s.web.servlet.DispatcherServlet] - Initializing Servlet 'dispatcherServlet'
2023-11-02 15:44:25.327 INFO  [http-nio-8085-exec-1] [o.s.web.servlet.DispatcherServlet] - Completed initialization in 1 ms
2023-11-02 15:47:16.060 INFO  [restartedMain] [c.chunjae.project05.Project05Application] - Starting Project05Application using Java 17.0.7 on FULL8-015 with PID 16540 (D:\park\pro05\project05\build\classes\java\main started by db400tea in D:\park\pro05\project05)
2023-11-02 15:47:16.069 INFO  [restartedMain] [c.chunjae.project05.Project05Application] - No active profile set, falling back to 1 default profile: "default"
2023-11-02 15:47:16.115 INFO  [restartedMain] [o.s.b.d.e.DevToolsPropertyDefaultsPostProcessor] - Devtools property defaults active! Set 'spring.devtools.add-properties' to 'false' to disable
2023-11-02 15:47:16.115 INFO  [restartedMain] [o.s.b.d.e.DevToolsPropertyDefaultsPostProcessor] - For additional web related logging consider setting the 'logging.level.web' property to 'DEBUG'
2023-11-02 15:47:16.783 INFO  [restartedMain] [o.s.b.w.embedded.tomcat.TomcatWebServer] - Tomcat initialized with port(s): 8085 (http)
2023-11-02 15:47:16.788 INFO  [restartedMain] [o.apache.coyote.http11.Http11NioProtocol] - Initializing ProtocolHandler ["http-nio-8085"]
2023-11-02 15:47:16.788 INFO  [restartedMain] [org.apache.catalina.core.StandardService] - Starting service [Tomcat]
2023-11-02 15:47:16.789 INFO  [restartedMain] [org.apache.catalina.core.StandardEngine] - Starting Servlet engine: [Apache Tomcat/9.0.82]
2023-11-02 15:47:16.881 INFO  [restartedMain] [org.apache.jasper.servlet.TldScanner] - At least one JAR was scanned for TLDs yet contained no TLDs. Enable debug logging for this logger for a complete list of JARs that were scanned but no TLDs were found in them. Skipping unneeded JARs during scanning can improve startup time and JSP compilation time.
2023-11-02 15:47:16.886 INFO  [restartedMain] [o.a.c.c.C.[Tomcat].[localhost].[/]] - Initializing Spring embedded WebApplicationContext
2023-11-02 15:47:16.886 INFO  [restartedMain] [o.s.b.w.s.c.ServletWebServerApplicationContext] - Root WebApplicationContext: initialization completed in 771 ms
2023-11-02 15:47:17.055 INFO  [restartedMain] [o.s.b.a.w.s.WelcomePageHandlerMapping] - Adding welcome page template: index
2023-11-02 15:47:17.143 INFO  [restartedMain] [o.s.s.web.DefaultSecurityFilterChain] - Will secure any request with [org.springframework.security.web.session.DisableEncodeUrlFilter@7d7af583, org.springframework.security.web.context.request.async.WebAsyncManagerIntegrationFilter@22fd5ecf, org.springframework.security.web.context.SecurityContextPersistenceFilter@593710df, org.springframework.security.web.header.HeaderWriterFilter@300fb800, org.springframework.security.web.authentication.logout.LogoutFilter@72a4bc60, org.springframework.security.web.authentication.UsernamePasswordAuthenticationFilter@5717d015, org.springframework.security.web.session.ConcurrentSessionFilter@1cacd5dd, org.springframework.security.web.savedrequest.RequestCacheAwareFilter@1b6c0101, org.springframework.security.web.servletapi.SecurityContextHolderAwareRequestFilter@3f666756, org.springframework.security.web.authentication.AnonymousAuthenticationFilter@5bf06c9a, org.springframework.security.web.session.SessionManagementFilter@5995630f, org.springframework.security.web.access.ExceptionTranslationFilter@203de7fc, org.springframework.security.web.access.intercept.FilterSecurityInterceptor@3d53eda1]
2023-11-02 15:47:17.231 INFO  [restartedMain] [o.s.b.d.a.OptionalLiveReloadServer] - LiveReload server is running on port 35729
2023-11-02 15:47:17.241 INFO  [restartedMain] [o.apache.coyote.http11.Http11NioProtocol] - Starting ProtocolHandler ["http-nio-8085"]
2023-11-02 15:47:17.254 INFO  [restartedMain] [o.s.b.w.embedded.tomcat.TomcatWebServer] - Tomcat started on port(s): 8085 (http) with context path ''
2023-11-02 15:47:17.266 INFO  [restartedMain] [c.chunjae.project05.Project05Application] - Started Project05Application in 1.448 seconds (JVM running for 1.859)
2023-11-02 15:47:19.332 INFO  [http-nio-8085-exec-1] [o.a.c.c.C.[Tomcat].[localhost].[/]] - Initializing Spring DispatcherServlet 'dispatcherServlet'
2023-11-02 15:47:19.332 INFO  [http-nio-8085-exec-1] [o.s.web.servlet.DispatcherServlet] - Initializing Servlet 'dispatcherServlet'
2023-11-02 15:47:19.333 INFO  [http-nio-8085-exec-1] [o.s.web.servlet.DispatcherServlet] - Completed initialization in 0 ms
2023-11-02 16:07:27.816 INFO  [restartedMain] [c.chunjae.project05.Project05Application] - Starting Project05Application using Java 17.0.7 on FULL8-015 with PID 15028 (D:\park\pro05\project05\build\classes\java\main started by db400tea in D:\park\pro05\project05)
2023-11-02 16:07:27.818 INFO  [restartedMain] [c.chunjae.project05.Project05Application] - No active profile set, falling back to 1 default profile: "default"
2023-11-02 16:07:27.903 INFO  [restartedMain] [o.s.b.d.e.DevToolsPropertyDefaultsPostProcessor] - Devtools property defaults active! Set 'spring.devtools.add-properties' to 'false' to disable
2023-11-02 16:07:27.903 INFO  [restartedMain] [o.s.b.d.e.DevToolsPropertyDefaultsPostProcessor] - For additional web related logging consider setting the 'logging.level.web' property to 'DEBUG'
2023-11-02 16:07:28.630 INFO  [restartedMain] [o.s.b.w.embedded.tomcat.TomcatWebServer] - Tomcat initialized with port(s): 8085 (http)
2023-11-02 16:07:28.634 INFO  [restartedMain] [o.apache.coyote.http11.Http11NioProtocol] - Initializing ProtocolHandler ["http-nio-8085"]
2023-11-02 16:07:28.635 INFO  [restartedMain] [org.apache.catalina.core.StandardService] - Starting service [Tomcat]
2023-11-02 16:07:28.635 INFO  [restartedMain] [org.apache.catalina.core.StandardEngine] - Starting Servlet engine: [Apache Tomcat/9.0.82]
2023-11-02 16:07:28.730 INFO  [restartedMain] [org.apache.jasper.servlet.TldScanner] - At least one JAR was scanned for TLDs yet contained no TLDs. Enable debug logging for this logger for a complete list of JARs that were scanned but no TLDs were found in them. Skipping unneeded JARs during scanning can improve startup time and JSP compilation time.
2023-11-02 16:07:28.735 INFO  [restartedMain] [o.a.c.c.C.[Tomcat].[localhost].[/]] - Initializing Spring embedded WebApplicationContext
2023-11-02 16:07:28.735 INFO  [restartedMain] [o.s.b.w.s.c.ServletWebServerApplicationContext] - Root WebApplicationContext: initialization completed in 832 ms
2023-11-02 16:07:28.903 INFO  [restartedMain] [o.s.b.a.w.s.WelcomePageHandlerMapping] - Adding welcome page template: index
2023-11-02 16:07:28.988 INFO  [restartedMain] [o.s.s.web.DefaultSecurityFilterChain] - Will secure any request with [org.springframework.security.web.session.DisableEncodeUrlFilter@512f8304, org.springframework.security.web.context.request.async.WebAsyncManagerIntegrationFilter@2314be39, org.springframework.security.web.context.SecurityContextPersistenceFilter@472007a, org.springframework.security.web.header.HeaderWriterFilter@38109184, org.springframework.security.web.authentication.logout.LogoutFilter@71f7f26d, org.springframework.security.web.authentication.UsernamePasswordAuthenticationFilter@5e32471a, org.springframework.security.web.session.ConcurrentSessionFilter@7291b057, org.springframework.security.web.savedrequest.RequestCacheAwareFilter@5c1354e, org.springframework.security.web.servletapi.SecurityContextHolderAwareRequestFilter@37b07900, org.springframework.security.web.authentication.AnonymousAuthenticationFilter@2cbbab0e, org.springframework.security.web.session.SessionManagementFilter@295ed81b, org.springframework.security.web.access.ExceptionTranslationFilter@30e45a16, org.springframework.security.web.access.intercept.FilterSecurityInterceptor@79356881]
2023-11-02 16:07:29.071 INFO  [restartedMain] [o.s.b.d.a.OptionalLiveReloadServer] - LiveReload server is running on port 35729
2023-11-02 16:07:29.083 INFO  [restartedMain] [o.apache.coyote.http11.Http11NioProtocol] - Starting ProtocolHandler ["http-nio-8085"]
2023-11-02 16:07:29.096 INFO  [restartedMain] [o.s.b.w.embedded.tomcat.TomcatWebServer] - Tomcat started on port(s): 8085 (http) with context path ''
2023-11-02 16:07:29.102 INFO  [restartedMain] [c.chunjae.project05.Project05Application] - Started Project05Application in 1.508 seconds (JVM running for 1.879)
2023-11-02 16:07:32.622 INFO  [restartedMain] [c.chunjae.project05.Project05Application] - Starting Project05Application using Java 17.0.7 on FULL8-015 with PID 15428 (D:\park\pro05\project05\build\classes\java\main started by db400tea in D:\park\pro05\project05)
2023-11-02 16:07:32.623 INFO  [restartedMain] [c.chunjae.project05.Project05Application] - No active profile set, falling back to 1 default profile: "default"
2023-11-02 16:07:32.646 INFO  [restartedMain] [o.s.b.d.e.DevToolsPropertyDefaultsPostProcessor] - Devtools property defaults active! Set 'spring.devtools.add-properties' to 'false' to disable
2023-11-02 16:07:32.646 INFO  [restartedMain] [o.s.b.d.e.DevToolsPropertyDefaultsPostProcessor] - For additional web related logging consider setting the 'logging.level.web' property to 'DEBUG'
2023-11-02 16:07:33.206 INFO  [restartedMain] [o.s.b.w.embedded.tomcat.TomcatWebServer] - Tomcat initialized with port(s): 8085 (http)
2023-11-02 16:07:33.210 INFO  [restartedMain] [o.apache.coyote.http11.Http11NioProtocol] - Initializing ProtocolHandler ["http-nio-8085"]
2023-11-02 16:07:33.210 INFO  [restartedMain] [org.apache.catalina.core.StandardService] - Starting service [Tomcat]
2023-11-02 16:07:33.211 INFO  [restartedMain] [org.apache.catalina.core.StandardEngine] - Starting Servlet engine: [Apache Tomcat/9.0.82]
2023-11-02 16:07:33.301 INFO  [restartedMain] [org.apache.jasper.servlet.TldScanner] - At least one JAR was scanned for TLDs yet contained no TLDs. Enable debug logging for this logger for a complete list of JARs that were scanned but no TLDs were found in them. Skipping unneeded JARs during scanning can improve startup time and JSP compilation time.
2023-11-02 16:07:33.305 INFO  [restartedMain] [o.a.c.c.C.[Tomcat].[localhost].[/]] - Initializing Spring embedded WebApplicationContext
2023-11-02 16:07:33.305 INFO  [restartedMain] [o.s.b.w.s.c.ServletWebServerApplicationContext] - Root WebApplicationContext: initialization completed in 659 ms
2023-11-02 16:07:33.462 INFO  [restartedMain] [o.s.b.a.w.s.WelcomePageHandlerMapping] - Adding welcome page template: index
2023-11-02 16:07:33.547 INFO  [restartedMain] [o.s.s.web.DefaultSecurityFilterChain] - Will secure any request with [org.springframework.security.web.session.DisableEncodeUrlFilter@4bea26f2, org.springframework.security.web.context.request.async.WebAsyncManagerIntegrationFilter@2dbc92d6, org.springframework.security.web.context.SecurityContextPersistenceFilter@72a4bc60, org.springframework.security.web.header.HeaderWriterFilter@2a66c7ab, org.springframework.security.web.authentication.logout.LogoutFilter@4c76b7ac, org.springframework.security.web.authentication.UsernamePasswordAuthenticationFilter@18344c, org.springframework.security.web.session.ConcurrentSessionFilter@20e5d0bd, org.springframework.security.web.savedrequest.RequestCacheAwareFilter@583cea35, org.springframework.security.web.servletapi.SecurityContextHolderAwareRequestFilter@4ad9ac34, org.springframework.security.web.authentication.AnonymousAuthenticationFilter@776fa8b2, org.springframework.security.web.session.SessionManagementFilter@443ed513, org.springframework.security.web.access.ExceptionTranslationFilter@db555df, org.springframework.security.web.access.intercept.FilterSecurityInterceptor@75643f0a]
2023-11-02 16:07:33.632 INFO  [restartedMain] [o.s.b.d.a.OptionalLiveReloadServer] - LiveReload server is running on port 35729
2023-11-02 16:07:33.641 INFO  [restartedMain] [o.apache.coyote.http11.Http11NioProtocol] - Starting ProtocolHandler ["http-nio-8085"]
2023-11-02 16:07:33.654 INFO  [restartedMain] [o.s.b.w.embedded.tomcat.TomcatWebServer] - Tomcat started on port(s): 8085 (http) with context path ''
2023-11-02 16:07:33.661 INFO  [restartedMain] [c.chunjae.project05.Project05Application] - Started Project05Application in 1.201 seconds (JVM running for 1.574)
2023-11-02 16:07:42.763 INFO  [http-nio-8085-exec-1] [o.a.c.c.C.[Tomcat].[localhost].[/]] - Initializing Spring DispatcherServlet 'dispatcherServlet'
2023-11-02 16:07:42.763 INFO  [http-nio-8085-exec-1] [o.s.web.servlet.DispatcherServlet] - Initializing Servlet 'dispatcherServlet'
2023-11-02 16:07:42.763 INFO  [http-nio-8085-exec-1] [o.s.web.servlet.DispatcherServlet] - Completed initialization in 0 ms
2023-11-02 16:08:19.385 INFO  [restartedMain] [c.chunjae.project05.Project05Application] - Starting Project05Application using Java 17.0.7 on FULL8-015 with PID 11196 (D:\park\pro05\project05\build\classes\java\main started by db400tea in D:\park\pro05\project05)
2023-11-02 16:08:19.386 INFO  [restartedMain] [c.chunjae.project05.Project05Application] - No active profile set, falling back to 1 default profile: "default"
2023-11-02 16:08:19.425 INFO  [restartedMain] [o.s.b.d.e.DevToolsPropertyDefaultsPostProcessor] - Devtools property defaults active! Set 'spring.devtools.add-properties' to 'false' to disable
2023-11-02 16:08:19.425 INFO  [restartedMain] [o.s.b.d.e.DevToolsPropertyDefaultsPostProcessor] - For additional web related logging consider setting the 'logging.level.web' property to 'DEBUG'
2023-11-02 16:08:20.265 INFO  [restartedMain] [o.s.b.w.embedded.tomcat.TomcatWebServer] - Tomcat initialized with port(s): 8085 (http)
2023-11-02 16:08:20.269 INFO  [restartedMain] [o.apache.coyote.http11.Http11NioProtocol] - Initializing ProtocolHandler ["http-nio-8085"]
2023-11-02 16:08:20.270 INFO  [restartedMain] [org.apache.catalina.core.StandardService] - Starting service [Tomcat]
2023-11-02 16:08:20.270 INFO  [restartedMain] [org.apache.catalina.core.StandardEngine] - Starting Servlet engine: [Apache Tomcat/9.0.82]
2023-11-02 16:08:20.355 INFO  [restartedMain] [org.apache.jasper.servlet.TldScanner] - At least one JAR was scanned for TLDs yet contained no TLDs. Enable debug logging for this logger for a complete list of JARs that were scanned but no TLDs were found in them. Skipping unneeded JARs during scanning can improve startup time and JSP compilation time.
2023-11-02 16:08:20.359 INFO  [restartedMain] [o.a.c.c.C.[Tomcat].[localhost].[/]] - Initializing Spring embedded WebApplicationContext
2023-11-02 16:08:20.360 INFO  [restartedMain] [o.s.b.w.s.c.ServletWebServerApplicationContext] - Root WebApplicationContext: initialization completed in 935 ms
2023-11-02 16:08:20.526 INFO  [restartedMain] [o.s.b.a.w.s.WelcomePageHandlerMapping] - Adding welcome page template: index
2023-11-02 16:08:20.613 INFO  [restartedMain] [o.s.s.web.DefaultSecurityFilterChain] - Will secure any request with [org.springframework.security.web.session.DisableEncodeUrlFilter@409f902a, org.springframework.security.web.context.request.async.WebAsyncManagerIntegrationFilter@728ef6ad, org.springframework.security.web.context.SecurityContextPersistenceFilter@34eb60ff, org.springframework.security.web.header.HeaderWriterFilter@92f0971, org.springframework.security.web.authentication.logout.LogoutFilter@74eb5746, org.springframework.security.web.authentication.UsernamePasswordAuthenticationFilter@98bdfca, org.springframework.security.web.session.ConcurrentSessionFilter@3a907b9, org.springframework.security.web.savedrequest.RequestCacheAwareFilter@4c12371a, org.springframework.security.web.servletapi.SecurityContextHolderAwareRequestFilter@2d2411be, org.springframework.security.web.authentication.AnonymousAuthenticationFilter@de4f01e, org.springframework.security.web.session.SessionManagementFilter@597bd7db, org.springframework.security.web.access.ExceptionTranslationFilter@1d495eb3, org.springframework.security.web.access.intercept.FilterSecurityInterceptor@6aa3357e]
2023-11-02 16:08:20.699 INFO  [restartedMain] [o.s.b.d.a.OptionalLiveReloadServer] - LiveReload server is running on port 35729
2023-11-02 16:08:20.707 INFO  [restartedMain] [o.apache.coyote.http11.Http11NioProtocol] - Starting ProtocolHandler ["http-nio-8085"]
2023-11-02 16:08:20.720 INFO  [restartedMain] [o.s.b.w.embedded.tomcat.TomcatWebServer] - Tomcat started on port(s): 8085 (http) with context path ''
2023-11-02 16:08:20.731 INFO  [restartedMain] [c.chunjae.project05.Project05Application] - Started Project05Application in 1.547 seconds (JVM running for 1.921)
2023-11-02 16:08:22.292 INFO  [http-nio-8085-exec-1] [o.a.c.c.C.[Tomcat].[localhost].[/]] - Initializing Spring DispatcherServlet 'dispatcherServlet'
2023-11-02 16:08:22.292 INFO  [http-nio-8085-exec-1] [o.s.web.servlet.DispatcherServlet] - Initializing Servlet 'dispatcherServlet'
2023-11-02 16:08:22.293 INFO  [http-nio-8085-exec-1] [o.s.web.servlet.DispatcherServlet] - Completed initialization in 1 ms
2023-11-02 16:08:39.169 INFO  [restartedMain] [c.chunjae.project05.Project05Application] - Starting Project05Application using Java 17.0.7 on FULL8-015 with PID 16248 (D:\park\pro05\project05\build\classes\java\main started by db400tea in D:\park\pro05\project05)
2023-11-02 16:08:39.170 INFO  [restartedMain] [c.chunjae.project05.Project05Application] - No active profile set, falling back to 1 default profile: "default"
2023-11-02 16:08:39.210 INFO  [restartedMain] [o.s.b.d.e.DevToolsPropertyDefaultsPostProcessor] - Devtools property defaults active! Set 'spring.devtools.add-properties' to 'false' to disable
2023-11-02 16:08:39.210 INFO  [restartedMain] [o.s.b.d.e.DevToolsPropertyDefaultsPostProcessor] - For additional web related logging consider setting the 'logging.level.web' property to 'DEBUG'
2023-11-02 16:08:39.819 INFO  [restartedMain] [o.s.b.w.embedded.tomcat.TomcatWebServer] - Tomcat initialized with port(s): 8085 (http)
2023-11-02 16:08:39.824 INFO  [restartedMain] [o.apache.coyote.http11.Http11NioProtocol] - Initializing ProtocolHandler ["http-nio-8085"]
2023-11-02 16:08:39.825 INFO  [restartedMain] [org.apache.catalina.core.StandardService] - Starting service [Tomcat]
2023-11-02 16:08:39.825 INFO  [restartedMain] [org.apache.catalina.core.StandardEngine] - Starting Servlet engine: [Apache Tomcat/9.0.82]
2023-11-02 16:08:39.916 INFO  [restartedMain] [org.apache.jasper.servlet.TldScanner] - At least one JAR was scanned for TLDs yet contained no TLDs. Enable debug logging for this logger for a complete list of JARs that were scanned but no TLDs were found in them. Skipping unneeded JARs during scanning can improve startup time and JSP compilation time.
2023-11-02 16:08:39.921 INFO  [restartedMain] [o.a.c.c.C.[Tomcat].[localhost].[/]] - Initializing Spring embedded WebApplicationContext
2023-11-02 16:08:39.921 INFO  [restartedMain] [o.s.b.w.s.c.ServletWebServerApplicationContext] - Root WebApplicationContext: initialization completed in 711 ms
2023-11-02 16:08:40.086 INFO  [restartedMain] [o.s.b.a.w.s.WelcomePageHandlerMapping] - Adding welcome page template: index
2023-11-02 16:08:40.176 INFO  [restartedMain] [o.s.s.web.DefaultSecurityFilterChain] - Will secure any request with [org.springframework.security.web.session.DisableEncodeUrlFilter@5a2bcc90, org.springframework.security.web.context.request.async.WebAsyncManagerIntegrationFilter@104127b, org.springframework.security.web.context.SecurityContextPersistenceFilter@52ff16e9, org.springframework.security.web.header.HeaderWriterFilter@341899f2, org.springframework.security.web.authentication.logout.LogoutFilter@b6f6bdd, org.springframework.security.web.authentication.UsernamePasswordAuthenticationFilter@6ffcd5c9, org.springframework.security.web.session.ConcurrentSessionFilter@47fe5886, org.springframework.security.web.savedrequest.RequestCacheAwareFilter@6918b957, org.springframework.security.web.servletapi.SecurityContextHolderAwareRequestFilter@716e3a7a, org.springframework.security.web.authentication.AnonymousAuthenticationFilter@69e87b5d, org.springframework.security.web.session.SessionManagementFilter@1a948d7a, org.springframework.security.web.access.ExceptionTranslationFilter@4391f278, org.springframework.security.web.access.intercept.FilterSecurityInterceptor@36d0a4d7]
2023-11-02 16:08:40.262 INFO  [restartedMain] [o.s.b.d.a.OptionalLiveReloadServer] - LiveReload server is running on port 35729
2023-11-02 16:08:40.271 INFO  [restartedMain] [o.apache.coyote.http11.Http11NioProtocol] - Starting ProtocolHandler ["http-nio-8085"]
2023-11-02 16:08:40.284 INFO  [restartedMain] [o.s.b.w.embedded.tomcat.TomcatWebServer] - Tomcat started on port(s): 8085 (http) with context path ''
2023-11-02 16:08:40.295 INFO  [restartedMain] [c.chunjae.project05.Project05Application] - Started Project05Application in 1.294 seconds (JVM running for 1.676)
2023-11-02 16:08:41.826 INFO  [http-nio-8085-exec-1] [o.a.c.c.C.[Tomcat].[localhost].[/]] - Initializing Spring DispatcherServlet 'dispatcherServlet'
2023-11-02 16:08:41.826 INFO  [http-nio-8085-exec-1] [o.s.web.servlet.DispatcherServlet] - Initializing Servlet 'dispatcherServlet'
2023-11-02 16:08:41.826 INFO  [http-nio-8085-exec-1] [o.s.web.servlet.DispatcherServlet] - Completed initialization in 0 ms
2023-11-02 16:30:11.497 INFO  [restartedMain] [c.chunjae.project05.Project05Application] - Starting Project05Application using Java 17.0.7 on FULL8-015 with PID 10540 (D:\park\pro05\project05\build\classes\java\main started by db400tea in D:\park\pro05\project05)
2023-11-02 16:30:11.499 INFO  [restartedMain] [c.chunjae.project05.Project05Application] - No active profile set, falling back to 1 default profile: "default"
2023-11-02 16:30:11.523 INFO  [restartedMain] [o.s.b.d.e.DevToolsPropertyDefaultsPostProcessor] - Devtools property defaults active! Set 'spring.devtools.add-properties' to 'false' to disable
2023-11-02 16:30:11.523 INFO  [restartedMain] [o.s.b.d.e.DevToolsPropertyDefaultsPostProcessor] - For additional web related logging consider setting the 'logging.level.web' property to 'DEBUG'
2023-11-02 16:30:12.143 INFO  [restartedMain] [o.s.b.w.embedded.tomcat.TomcatWebServer] - Tomcat initialized with port(s): 8085 (http)
2023-11-02 16:30:12.148 INFO  [restartedMain] [o.apache.coyote.http11.Http11NioProtocol] - Initializing ProtocolHandler ["http-nio-8085"]
2023-11-02 16:30:12.149 INFO  [restartedMain] [org.apache.catalina.core.StandardService] - Starting service [Tomcat]
2023-11-02 16:30:12.149 INFO  [restartedMain] [org.apache.catalina.core.StandardEngine] - Starting Servlet engine: [Apache Tomcat/9.0.82]
2023-11-02 16:30:12.238 INFO  [restartedMain] [org.apache.jasper.servlet.TldScanner] - At least one JAR was scanned for TLDs yet contained no TLDs. Enable debug logging for this logger for a complete list of JARs that were scanned but no TLDs were found in them. Skipping unneeded JARs during scanning can improve startup time and JSP compilation time.
2023-11-02 16:30:12.242 INFO  [restartedMain] [o.a.c.c.C.[Tomcat].[localhost].[/]] - Initializing Spring embedded WebApplicationContext
2023-11-02 16:30:12.242 INFO  [restartedMain] [o.s.b.w.s.c.ServletWebServerApplicationContext] - Root WebApplicationContext: initialization completed in 719 ms
2023-11-02 16:30:12.407 INFO  [restartedMain] [o.s.b.a.w.s.WelcomePageHandlerMapping] - Adding welcome page template: index
2023-11-02 16:30:12.504 INFO  [restartedMain] [o.s.s.web.DefaultSecurityFilterChain] - Will secure any request with [org.springframework.security.web.session.DisableEncodeUrlFilter@34c1a108, org.springframework.security.web.context.request.async.WebAsyncManagerIntegrationFilter@74e27b52, org.springframework.security.web.context.SecurityContextPersistenceFilter@5ce2185, org.springframework.security.web.header.HeaderWriterFilter@2eb143f1, org.springframework.security.web.authentication.logout.LogoutFilter@65fdfc5, org.springframework.security.web.authentication.UsernamePasswordAuthenticationFilter@16d7cbaa, org.springframework.security.web.session.ConcurrentSessionFilter@7f9cdc26, org.springframework.security.web.savedrequest.RequestCacheAwareFilter@db555df, org.springframework.security.web.servletapi.SecurityContextHolderAwareRequestFilter@5e5007ed, org.springframework.security.web.authentication.AnonymousAuthenticationFilter@44b47abf, org.springframework.security.web.session.SessionManagementFilter@23cf3419, org.springframework.security.web.access.ExceptionTranslationFilter@1cacd5dd, org.springframework.security.web.access.intercept.FilterSecurityInterceptor@24187489]
2023-11-02 16:30:12.593 INFO  [restartedMain] [o.s.b.d.a.OptionalLiveReloadServer] - LiveReload server is running on port 35729
2023-11-02 16:30:12.602 INFO  [restartedMain] [o.apache.coyote.http11.Http11NioProtocol] - Starting ProtocolHandler ["http-nio-8085"]
2023-11-02 16:30:12.615 INFO  [restartedMain] [o.s.b.w.embedded.tomcat.TomcatWebServer] - Tomcat started on port(s): 8085 (http) with context path ''
2023-11-02 16:30:12.622 INFO  [restartedMain] [c.chunjae.project05.Project05Application] - Started Project05Application in 1.286 seconds (JVM running for 1.666)
2023-11-02 16:49:14.312 INFO  [restartedMain] [c.chunjae.project05.Project05Application] - Starting Project05Application using Java 17.0.7 on FULL8-015 with PID 7020 (D:\park\pro05\project05\build\classes\java\main started by db400tea in D:\park\pro05\project05)
2023-11-02 16:49:14.314 INFO  [restartedMain] [c.chunjae.project05.Project05Application] - No active profile set, falling back to 1 default profile: "default"
2023-11-02 16:49:14.343 INFO  [restartedMain] [o.s.b.d.e.DevToolsPropertyDefaultsPostProcessor] - Devtools property defaults active! Set 'spring.devtools.add-properties' to 'false' to disable
2023-11-02 16:49:14.343 INFO  [restartedMain] [o.s.b.d.e.DevToolsPropertyDefaultsPostProcessor] - For additional web related logging consider setting the 'logging.level.web' property to 'DEBUG'
2023-11-02 16:49:14.988 INFO  [restartedMain] [o.s.b.w.embedded.tomcat.TomcatWebServer] - Tomcat initialized with port(s): 8085 (http)
2023-11-02 16:49:14.992 INFO  [restartedMain] [o.apache.coyote.http11.Http11NioProtocol] - Initializing ProtocolHandler ["http-nio-8085"]
2023-11-02 16:49:14.993 INFO  [restartedMain] [org.apache.catalina.core.StandardService] - Starting service [Tomcat]
2023-11-02 16:49:14.993 INFO  [restartedMain] [org.apache.catalina.core.StandardEngine] - Starting Servlet engine: [Apache Tomcat/9.0.82]
2023-11-02 16:49:15.097 INFO  [restartedMain] [org.apache.jasper.servlet.TldScanner] - At least one JAR was scanned for TLDs yet contained no TLDs. Enable debug logging for this logger for a complete list of JARs that were scanned but no TLDs were found in them. Skipping unneeded JARs during scanning can improve startup time and JSP compilation time.
2023-11-02 16:49:15.102 INFO  [restartedMain] [o.a.c.c.C.[Tomcat].[localhost].[/]] - Initializing Spring embedded WebApplicationContext
2023-11-02 16:49:15.102 INFO  [restartedMain] [o.s.b.w.s.c.ServletWebServerApplicationContext] - Root WebApplicationContext: initialization completed in 759 ms
2023-11-02 16:49:15.264 INFO  [restartedMain] [o.s.b.a.w.s.WelcomePageHandlerMapping] - Adding welcome page template: index
2023-11-02 16:49:15.351 INFO  [restartedMain] [o.s.s.web.DefaultSecurityFilterChain] - Will secure any request with [org.springframework.security.web.session.DisableEncodeUrlFilter@5bc93f75, org.springframework.security.web.context.request.async.WebAsyncManagerIntegrationFilter@54e0304a, org.springframework.security.web.context.SecurityContextPersistenceFilter@4c6c4e2d, org.springframework.security.web.header.HeaderWriterFilter@3294defd, org.springframework.security.web.authentication.logout.LogoutFilter@501de6bc, org.springframework.security.web.authentication.UsernamePasswordAuthenticationFilter@4db22d1d, org.springframework.security.web.session.ConcurrentSessionFilter@2904dc99, org.springframework.security.web.savedrequest.RequestCacheAwareFilter@18d4ddfd, org.springframework.security.web.servletapi.SecurityContextHolderAwareRequestFilter@1f47ae05, org.springframework.security.web.authentication.AnonymousAuthenticationFilter@4f43548a, org.springframework.security.web.session.SessionManagementFilter@5bdb5855, org.springframework.security.web.access.ExceptionTranslationFilter@49f2ffa6, org.springframework.security.web.access.intercept.FilterSecurityInterceptor@3b59016]
2023-11-02 16:49:15.437 INFO  [restartedMain] [o.s.b.d.a.OptionalLiveReloadServer] - LiveReload server is running on port 35729
2023-11-02 16:49:15.446 INFO  [restartedMain] [o.apache.coyote.http11.Http11NioProtocol] - Starting ProtocolHandler ["http-nio-8085"]
2023-11-02 16:49:15.459 INFO  [restartedMain] [o.s.b.w.embedded.tomcat.TomcatWebServer] - Tomcat started on port(s): 8085 (http) with context path ''
2023-11-02 16:49:15.465 INFO  [restartedMain] [c.chunjae.project05.Project05Application] - Started Project05Application in 1.336 seconds (JVM running for 1.789)
2023-11-02 16:49:21.456 INFO  [http-nio-8085-exec-1] [o.a.c.c.C.[Tomcat].[localhost].[/]] - Initializing Spring DispatcherServlet 'dispatcherServlet'
2023-11-02 16:49:21.456 INFO  [http-nio-8085-exec-1] [o.s.web.servlet.DispatcherServlet] - Initializing Servlet 'dispatcherServlet'
2023-11-02 16:49:21.457 INFO  [http-nio-8085-exec-1] [o.s.web.servlet.DispatcherServlet] - Completed initialization in 1 ms
2023-11-02 16:56:42.832 INFO  [restartedMain] [c.chunjae.project05.Project05Application] - Starting Project05Application using Java 17.0.7 on FULL8-015 with PID 12848 (D:\park\pro05\project05\build\classes\java\main started by db400tea in D:\park\pro05\project05)
2023-11-02 16:56:42.833 INFO  [restartedMain] [c.chunjae.project05.Project05Application] - No active profile set, falling back to 1 default profile: "default"
2023-11-02 16:56:42.860 INFO  [restartedMain] [o.s.b.d.e.DevToolsPropertyDefaultsPostProcessor] - Devtools property defaults active! Set 'spring.devtools.add-properties' to 'false' to disable
2023-11-02 16:56:42.860 INFO  [restartedMain] [o.s.b.d.e.DevToolsPropertyDefaultsPostProcessor] - For additional web related logging consider setting the 'logging.level.web' property to 'DEBUG'
2023-11-02 16:56:43.457 INFO  [restartedMain] [o.s.b.w.embedded.tomcat.TomcatWebServer] - Tomcat initialized with port(s): 8085 (http)
2023-11-02 16:56:43.462 INFO  [restartedMain] [o.apache.coyote.http11.Http11NioProtocol] - Initializing ProtocolHandler ["http-nio-8085"]
2023-11-02 16:56:43.462 INFO  [restartedMain] [org.apache.catalina.core.StandardService] - Starting service [Tomcat]
2023-11-02 16:56:43.463 INFO  [restartedMain] [org.apache.catalina.core.StandardEngine] - Starting Servlet engine: [Apache Tomcat/9.0.82]
2023-11-02 16:56:43.554 INFO  [restartedMain] [org.apache.jasper.servlet.TldScanner] - At least one JAR was scanned for TLDs yet contained no TLDs. Enable debug logging for this logger for a complete list of JARs that were scanned but no TLDs were found in them. Skipping unneeded JARs during scanning can improve startup time and JSP compilation time.
2023-11-02 16:56:43.559 INFO  [restartedMain] [o.a.c.c.C.[Tomcat].[localhost].[/]] - Initializing Spring embedded WebApplicationContext
2023-11-02 16:56:43.559 INFO  [restartedMain] [o.s.b.w.s.c.ServletWebServerApplicationContext] - Root WebApplicationContext: initialization completed in 699 ms
2023-11-02 16:56:43.721 INFO  [restartedMain] [o.s.b.a.w.s.WelcomePageHandlerMapping] - Adding welcome page template: index
2023-11-02 16:56:43.811 INFO  [restartedMain] [o.s.s.web.DefaultSecurityFilterChain] - Will secure any request with [org.springframework.security.web.session.DisableEncodeUrlFilter@21292fee, org.springframework.security.web.context.request.async.WebAsyncManagerIntegrationFilter@25109364, org.springframework.security.web.context.SecurityContextPersistenceFilter@df5e173, org.springframework.security.web.header.HeaderWriterFilter@44017f50, org.springframework.security.web.authentication.logout.LogoutFilter@2b265f44, org.springframework.security.web.authentication.UsernamePasswordAuthenticationFilter@5d3c627f, org.springframework.security.web.session.ConcurrentSessionFilter@40e9e965, org.springframework.security.web.savedrequest.RequestCacheAwareFilter@18b82c33, org.springframework.security.web.servletapi.SecurityContextHolderAwareRequestFilter@53d2df23, org.springframework.security.web.authentication.AnonymousAuthenticationFilter@68ebc9bd, org.springframework.security.web.session.SessionManagementFilter@505cebf0, org.springframework.security.web.access.ExceptionTranslationFilter@69e2a8cb, org.springframework.security.web.access.intercept.FilterSecurityInterceptor@1cedd57c]
2023-11-02 16:56:43.894 INFO  [restartedMain] [o.s.b.d.a.OptionalLiveReloadServer] - LiveReload server is running on port 35729
2023-11-02 16:56:43.902 INFO  [restartedMain] [o.apache.coyote.http11.Http11NioProtocol] - Starting ProtocolHandler ["http-nio-8085"]
2023-11-02 16:56:43.915 INFO  [restartedMain] [o.s.b.w.embedded.tomcat.TomcatWebServer] - Tomcat started on port(s): 8085 (http) with context path ''
2023-11-02 16:56:43.926 INFO  [restartedMain] [c.chunjae.project05.Project05Application] - Started Project05Application in 1.259 seconds (JVM running for 1.63)
2023-11-02 16:56:46.156 INFO  [http-nio-8085-exec-1] [o.a.c.c.C.[Tomcat].[localhost].[/]] - Initializing Spring DispatcherServlet 'dispatcherServlet'
2023-11-02 16:56:46.156 INFO  [http-nio-8085-exec-1] [o.s.web.servlet.DispatcherServlet] - Initializing Servlet 'dispatcherServlet'
2023-11-02 16:56:46.157 INFO  [http-nio-8085-exec-1] [o.s.web.servlet.DispatcherServlet] - Completed initialization in 1 ms
2023-11-02 17:46:47.028 INFO  [restartedMain] [c.chunjae.project05.Project05Application] - Starting Project05Application using Java 17.0.7 on FULL8-015 with PID 16800 (D:\park\springboot\project05\build\classes\java\main started by db400tea in D:\park\springboot\project05)
2023-11-02 17:46:47.029 INFO  [restartedMain] [c.chunjae.project05.Project05Application] - No active profile set, falling back to 1 default profile: "default"
2023-11-02 17:46:47.060 INFO  [restartedMain] [o.s.b.d.e.DevToolsPropertyDefaultsPostProcessor] - Devtools property defaults active! Set 'spring.devtools.add-properties' to 'false' to disable
2023-11-02 17:46:47.060 INFO  [restartedMain] [o.s.b.d.e.DevToolsPropertyDefaultsPostProcessor] - For additional web related logging consider setting the 'logging.level.web' property to 'DEBUG'
2023-11-02 17:46:47.672 INFO  [restartedMain] [o.s.b.w.embedded.tomcat.TomcatWebServer] - Tomcat initialized with port(s): 8085 (http)
2023-11-02 17:46:47.676 INFO  [restartedMain] [o.apache.coyote.http11.Http11NioProtocol] - Initializing ProtocolHandler ["http-nio-8085"]
2023-11-02 17:46:47.677 INFO  [restartedMain] [org.apache.catalina.core.StandardService] - Starting service [Tomcat]
2023-11-02 17:46:47.677 INFO  [restartedMain] [org.apache.catalina.core.StandardEngine] - Starting Servlet engine: [Apache Tomcat/9.0.82]
2023-11-02 17:46:47.774 INFO  [restartedMain] [org.apache.jasper.servlet.TldScanner] - At least one JAR was scanned for TLDs yet contained no TLDs. Enable debug logging for this logger for a complete list of JARs that were scanned but no TLDs were found in them. Skipping unneeded JARs during scanning can improve startup time and JSP compilation time.
2023-11-02 17:46:47.779 INFO  [restartedMain] [o.a.c.c.C.[Tomcat].[localhost].[/]] - Initializing Spring embedded WebApplicationContext
2023-11-02 17:46:47.779 INFO  [restartedMain] [o.s.b.w.s.c.ServletWebServerApplicationContext] - Root WebApplicationContext: initialization completed in 719 ms
2023-11-02 17:46:47.942 INFO  [restartedMain] [o.s.b.a.w.s.WelcomePageHandlerMapping] - Adding welcome page template: index
2023-11-02 17:46:48.033 INFO  [restartedMain] [o.s.s.web.DefaultSecurityFilterChain] - Will secure any request with [org.springframework.security.web.session.DisableEncodeUrlFilter@6f6dcc9f, org.springframework.security.web.context.request.async.WebAsyncManagerIntegrationFilter@66c00678, org.springframework.security.web.context.SecurityContextPersistenceFilter@29984d39, org.springframework.security.web.header.HeaderWriterFilter@6fd36c33, org.springframework.security.web.authentication.logout.LogoutFilter@22e11cbb, org.springframework.security.web.authentication.UsernamePasswordAuthenticationFilter@4adebc7c, org.springframework.security.web.session.ConcurrentSessionFilter@3569298d, org.springframework.security.web.savedrequest.RequestCacheAwareFilter@55cb1bed, org.springframework.security.web.servletapi.SecurityContextHolderAwareRequestFilter@4960c94c, org.springframework.security.web.authentication.AnonymousAuthenticationFilter@4e2f5fb3, org.springframework.security.web.session.SessionManagementFilter@12ea3efd, org.springframework.security.web.access.ExceptionTranslationFilter@757835a6, org.springframework.security.web.access.intercept.FilterSecurityInterceptor@173bd9d0]
2023-11-02 17:46:48.118 INFO  [restartedMain] [o.s.b.d.a.OptionalLiveReloadServer] - LiveReload server is running on port 35729
2023-11-02 17:46:48.127 INFO  [restartedMain] [o.apache.coyote.http11.Http11NioProtocol] - Starting ProtocolHandler ["http-nio-8085"]
2023-11-02 17:46:48.142 INFO  [restartedMain] [o.s.b.w.embedded.tomcat.TomcatWebServer] - Tomcat started on port(s): 8085 (http) with context path ''
2023-11-02 17:46:48.150 INFO  [restartedMain] [c.chunjae.project05.Project05Application] - Started Project05Application in 1.305 seconds (JVM running for 1.703)
2023-11-02 17:46:51.900 INFO  [http-nio-8085-exec-1] [o.a.c.c.C.[Tomcat].[localhost].[/]] - Initializing Spring DispatcherServlet 'dispatcherServlet'
2023-11-02 17:46:51.900 INFO  [http-nio-8085-exec-1] [o.s.web.servlet.DispatcherServlet] - Initializing Servlet 'dispatcherServlet'
2023-11-02 17:46:51.901 INFO  [http-nio-8085-exec-1] [o.s.web.servlet.DispatcherServlet] - Completed initialization in 1 ms
